
> mosaic-frontend@0.1.0 dev
> next dev -p 3001

▲ Next.js 16.2.6 (Turbopack)
- Local:         http://localhost:3001
- Network:       http://192.168.0.2:3001
✓ Ready in 666ms
⚠ Warning: Next.js inferred your workspace root, but it may not be correct.
 We detected multiple lockfiles and selected the directory of /app/package-lock.json as the root directory.
 To silence this warning, set `turbopack.root` in your Next.js config, or consider removing one of the lockfiles if it's not needed.
   See https://nextjs.org/docs/app/api-reference/config/next-config-js/turbopack#root-directory for more information.
 Detected additional lockfiles:
   * /app/mosaic-frontend/package-lock.json


 GET / 200 in 996ms (next.js: 392ms, application-code: 604ms)
[browser] Error mocking upload to API: SyntaxError: Unexpected token '<', "<!DOCTYPE "... is not valid JSON
SyntaxError: Unexpected token '<', "<!DOCTYPE "... is not valid JSON (src/components/views/UploadView.tsx:51:15)
[browser] Error mocking upload to API: SyntaxError: Unexpected token '<', "<!DOCTYPE "... is not valid JSON
SyntaxError: Unexpected token '<', "<!DOCTYPE "... is not valid JSON (src/components/views/UploadView.tsx:51:15)
[browser] Error starting mosaic generation: SyntaxError: Unexpected token '<', "<!DOCTYPE "... is not valid JSON
SyntaxError: Unexpected token '<', "<!DOCTYPE "... is not valid JSON (src/components/views/ProcessingView.tsx:41:17)
[browser] Error starting mosaic generation: SyntaxError: Unexpected token '<', "<!DOCTYPE "... is not valid JSON
SyntaxError: Unexpected token '<', "<!DOCTYPE "... is not valid JSON (src/components/views/ProcessingView.tsx:41:17)
 GET / 200 in 82ms (next.js: 5ms, application-code: 76ms)
